mode: count
github.com/fairway-corp/swagchat-api/handlers/asset.go:13.20,16.2 2 1
github.com/fairway-corp/swagchat-api/handlers/asset.go:18.56,20.16 2 0
github.com/fairway-corp/swagchat-api/handlers/asset.go:29.2,30.16 2 0
github.com/fairway-corp/swagchat-api/handlers/asset.go:44.2,48.21 4 0
github.com/fairway-corp/swagchat-api/handlers/asset.go:68.2,75.26 5 0
github.com/fairway-corp/swagchat-api/handlers/asset.go:80.2,86.62 2 0
github.com/fairway-corp/swagchat-api/handlers/asset.go:20.16,27.3 3 0
github.com/fairway-corp/swagchat-api/handlers/asset.go:30.16,43.3 3 0
github.com/fairway-corp/swagchat-api/handlers/asset.go:49.2,50.21 1 0
github.com/fairway-corp/swagchat-api/handlers/asset.go:51.2,52.21 1 0
github.com/fairway-corp/swagchat-api/handlers/asset.go:53.2,65.9 3 0
github.com/fairway-corp/swagchat-api/handlers/asset.go:75.26,78.3 2 0
github.com/fairway-corp/swagchat-api/handlers/asset.go:89.55,98.26 5 0
github.com/fairway-corp/swagchat-api/handlers/asset.go:103.2,106.16 4 0
github.com/fairway-corp/swagchat-api/handlers/asset.go:98.26,101.3 2 0
github.com/fairway-corp/swagchat-api/handlers/assetAwsSns.go:17.26,19.2 1 0
github.com/fairway-corp/swagchat-api/handlers/assetAwsSns.go:55.62,61.16 5 0
github.com/fairway-corp/swagchat-api/handlers/assetAwsSns.go:66.2,67.46 2 0
github.com/fairway-corp/swagchat-api/handlers/assetAwsSns.go:61.16,64.3 2 0
github.com/fairway-corp/swagchat-api/handlers/assetAwsSns.go:67.46,80.17 5 0
github.com/fairway-corp/swagchat-api/handlers/assetAwsSns.go:85.3,85.20 1 0
github.com/fairway-corp/swagchat-api/handlers/assetAwsSns.go:80.17,83.4 2 0
github.com/fairway-corp/swagchat-api/handlers/assetAwsSns.go:86.3,90.17 4 0
github.com/fairway-corp/swagchat-api/handlers/assetAwsSns.go:94.3,100.39 7 0
github.com/fairway-corp/swagchat-api/handlers/assetAwsSns.go:90.17,93.4 2 0
github.com/fairway-corp/swagchat-api/handlers/device.go:12.21,18.2 5 1
github.com/fairway-corp/swagchat-api/handlers/device.go:20.57,22.45 2 9
github.com/fairway-corp/swagchat-api/handlers/device.go:27.2,29.15 3 7
github.com/fairway-corp/swagchat-api/handlers/device.go:34.2,34.63 1 2
github.com/fairway-corp/swagchat-api/handlers/device.go:22.45,25.3 2 2
github.com/fairway-corp/swagchat-api/handlers/device.go:29.15,32.3 2 5
github.com/fairway-corp/swagchat-api/handlers/device.go:37.57,39.15 2 1
github.com/fairway-corp/swagchat-api/handlers/device.go:44.2,44.59 1 1
github.com/fairway-corp/swagchat-api/handlers/device.go:39.15,42.3 2 0
github.com/fairway-corp/swagchat-api/handlers/device.go:47.56,51.15 4 3
github.com/fairway-corp/swagchat-api/handlers/device.go:56.2,56.58 1 2
github.com/fairway-corp/swagchat-api/handlers/device.go:51.15,54.3 2 1
github.com/fairway-corp/swagchat-api/handlers/device.go:59.56,61.44 2 9
github.com/fairway-corp/swagchat-api/handlers/device.go:66.2,69.15 4 7
github.com/fairway-corp/swagchat-api/handlers/device.go:74.2,74.19 1 5
github.com/fairway-corp/swagchat-api/handlers/device.go:61.44,64.3 2 2
github.com/fairway-corp/swagchat-api/handlers/device.go:69.15,72.3 2 2
github.com/fairway-corp/swagchat-api/handlers/device.go:74.19,76.3 1 3
github.com/fairway-corp/swagchat-api/handlers/device.go:76.3,78.3 1 2
github.com/fairway-corp/swagchat-api/handlers/device.go:81.59,85.15 4 3
github.com/fairway-corp/swagchat-api/handlers/device.go:90.2,90.46 1 1
github.com/fairway-corp/swagchat-api/handlers/device.go:85.15,88.3 2 2
github.com/fairway-corp/swagchat-api/handlers/handler.go:27.20,39.44 12 0
github.com/fairway-corp/swagchat-api/handlers/handler.go:42.2,46.12 4 0
github.com/fairway-corp/swagchat-api/handlers/handler.go:59.2,63.106 2 0
github.com/fairway-corp/swagchat-api/handlers/handler.go:68.2,70.3 1 0
github.com/fairway-corp/swagchat-api/handlers/handler.go:39.44,41.3 1 0
github.com/fairway-corp/swagchat-api/handlers/handler.go:46.12,47.7 1 0
github.com/fairway-corp/swagchat-api/handlers/handler.go:47.7,49.51 2 0
github.com/fairway-corp/swagchat-api/handlers/handler.go:49.51,55.5 2 0
github.com/fairway-corp/swagchat-api/handlers/handler.go:63.106,67.3 1 0
github.com/fairway-corp/swagchat-api/handlers/handler.go:73.59,75.2 1 0
github.com/fairway-corp/swagchat-api/handlers/handler.go:77.56,78.54 1 23
github.com/fairway-corp/swagchat-api/handlers/handler.go:78.54,83.3 4 108
github.com/fairway-corp/swagchat-api/handlers/handler.go:86.61,92.18 3 0
github.com/fairway-corp/swagchat-api/handlers/handler.go:95.2,96.96 2 0
github.com/fairway-corp/swagchat-api/handlers/handler.go:92.18,94.3 1 0
github.com/fairway-corp/swagchat-api/handlers/handler.go:99.62,104.2 2 0
github.com/fairway-corp/swagchat-api/handlers/handler.go:115.55,119.19 4 77
github.com/fairway-corp/swagchat-api/handlers/handler.go:122.2,122.43 1 77
github.com/fairway-corp/swagchat-api/handlers/handler.go:119.19,121.3 1 0
github.com/fairway-corp/swagchat-api/handlers/handler.go:125.78,127.2 1 90
github.com/fairway-corp/swagchat-api/handlers/handler.go:129.104,130.23 1 108
github.com/fairway-corp/swagchat-api/handlers/handler.go:133.2,134.35 2 108
github.com/fairway-corp/swagchat-api/handlers/handler.go:137.2,137.17 1 108
github.com/fairway-corp/swagchat-api/handlers/handler.go:130.23,132.3 1 96
github.com/fairway-corp/swagchat-api/handlers/handler.go:134.35,136.3 1 12
github.com/fairway-corp/swagchat-api/handlers/handler.go:137.17,139.3 1 90
github.com/fairway-corp/swagchat-api/handlers/handler.go:142.106,149.2 3 43
github.com/fairway-corp/swagchat-api/handlers/handler.go:151.83,157.2 1 18
github.com/fairway-corp/swagchat-api/handlers/message.go:11.22,14.2 2 1
github.com/fairway-corp/swagchat-api/handlers/message.go:16.58,18.45 2 0
github.com/fairway-corp/swagchat-api/handlers/message.go:23.2,24.15 2 0
github.com/fairway-corp/swagchat-api/handlers/message.go:29.2,29.65 1 0
github.com/fairway-corp/swagchat-api/handlers/message.go:18.45,21.3 2 0
github.com/fairway-corp/swagchat-api/handlers/message.go:24.15,27.3 2 0
github.com/fairway-corp/swagchat-api/handlers/message.go:32.57,35.15 3 0
github.com/fairway-corp/swagchat-api/handlers/message.go:40.2,40.59 1 0
github.com/fairway-corp/swagchat-api/handlers/message.go:35.15,38.3 2 0
github.com/fairway-corp/swagchat-api/handlers/room.go:12.19,19.2 6 1
github.com/fairway-corp/swagchat-api/handlers/room.go:21.55,23.45 2 11
github.com/fairway-corp/swagchat-api/handlers/room.go:28.2,29.15 2 9
github.com/fairway-corp/swagchat-api/handlers/room.go:34.2,34.61 1 8
github.com/fairway-corp/swagchat-api/handlers/room.go:23.45,26.3 2 2
github.com/fairway-corp/swagchat-api/handlers/room.go:29.15,32.3 2 1
github.com/fairway-corp/swagchat-api/handlers/room.go:37.55,40.15 3 1
github.com/fairway-corp/swagchat-api/handlers/room.go:45.2,45.57 1 1
github.com/fairway-corp/swagchat-api/handlers/room.go:40.15,43.3 2 0
github.com/fairway-corp/swagchat-api/handlers/room.go:48.54,51.15 3 9
github.com/fairway-corp/swagchat-api/handlers/room.go:56.2,56.56 1 8
github.com/fairway-corp/swagchat-api/handlers/room.go:51.15,54.3 2 1
github.com/fairway-corp/swagchat-api/handlers/room.go:59.54,61.44 2 9
github.com/fairway-corp/swagchat-api/handlers/room.go:66.2,68.15 3 7
github.com/fairway-corp/swagchat-api/handlers/room.go:73.2,73.40 1 6
github.com/fairway-corp/swagchat-api/handlers/room.go:61.44,64.3 2 2
github.com/fairway-corp/swagchat-api/handlers/room.go:68.15,71.3 2 1
github.com/fairway-corp/swagchat-api/handlers/room.go:76.57,79.15 3 2
github.com/fairway-corp/swagchat-api/handlers/room.go:84.2,84.46 1 1
github.com/fairway-corp/swagchat-api/handlers/room.go:79.15,82.3 2 1
github.com/fairway-corp/swagchat-api/handlers/room.go:87.62,91.15 4 0
github.com/fairway-corp/swagchat-api/handlers/room.go:96.2,96.60 1 0
github.com/fairway-corp/swagchat-api/handlers/room.go:91.15,94.3 2 0
github.com/fairway-corp/swagchat-api/handlers/roomUser.go:11.23,16.2 4 1
github.com/fairway-corp/swagchat-api/handlers/roomUser.go:18.60,20.45 2 0
github.com/fairway-corp/swagchat-api/handlers/roomUser.go:25.2,27.15 3 0
github.com/fairway-corp/swagchat-api/handlers/roomUser.go:32.2,32.61 1 0
github.com/fairway-corp/swagchat-api/handlers/roomUser.go:20.45,23.3 2 0
github.com/fairway-corp/swagchat-api/handlers/roomUser.go:27.15,30.3 2 0
github.com/fairway-corp/swagchat-api/handlers/roomUser.go:35.58,37.44 2 4
github.com/fairway-corp/swagchat-api/handlers/roomUser.go:42.2,45.15 4 3
github.com/fairway-corp/swagchat-api/handlers/roomUser.go:50.2,50.60 1 3
github.com/fairway-corp/swagchat-api/handlers/roomUser.go:37.44,40.3 2 1
github.com/fairway-corp/swagchat-api/handlers/roomUser.go:45.15,48.3 2 0
github.com/fairway-corp/swagchat-api/handlers/roomUser.go:53.62,55.50 2 6
github.com/fairway-corp/swagchat-api/handlers/roomUser.go:60.2,62.15 3 4
github.com/fairway-corp/swagchat-api/handlers/roomUser.go:67.2,67.61 1 3
github.com/fairway-corp/swagchat-api/handlers/roomUser.go:55.50,58.3 2 2
github.com/fairway-corp/swagchat-api/handlers/roomUser.go:62.15,65.3 2 1
github.com/fairway-corp/swagchat-api/handlers/roomUser.go:70.59,72.44 2 8
github.com/fairway-corp/swagchat-api/handlers/roomUser.go:77.2,79.15 3 6
github.com/fairway-corp/swagchat-api/handlers/roomUser.go:84.2,84.61 1 2
github.com/fairway-corp/swagchat-api/handlers/roomUser.go:72.44,75.3 2 2
github.com/fairway-corp/swagchat-api/handlers/roomUser.go:79.15,82.3 2 4
github.com/fairway-corp/swagchat-api/handlers/user.go:11.19,17.2 5 1
github.com/fairway-corp/swagchat-api/handlers/user.go:19.55,21.45 2 13
github.com/fairway-corp/swagchat-api/handlers/user.go:26.2,27.15 2 11
github.com/fairway-corp/swagchat-api/handlers/user.go:32.2,32.61 1 8
github.com/fairway-corp/swagchat-api/handlers/user.go:21.45,24.3 2 2
github.com/fairway-corp/swagchat-api/handlers/user.go:27.15,30.3 2 3
github.com/fairway-corp/swagchat-api/handlers/user.go:35.55,37.15 2 1
github.com/fairway-corp/swagchat-api/handlers/user.go:42.2,42.57 1 1
github.com/fairway-corp/swagchat-api/handlers/user.go:37.15,40.3 2 0
github.com/fairway-corp/swagchat-api/handlers/user.go:45.54,48.15 3 9
github.com/fairway-corp/swagchat-api/handlers/user.go:53.2,53.56 1 8
github.com/fairway-corp/swagchat-api/handlers/user.go:48.15,51.3 2 1
github.com/fairway-corp/swagchat-api/handlers/user.go:56.54,58.44 2 8
github.com/fairway-corp/swagchat-api/handlers/user.go:63.2,65.15 3 5
github.com/fairway-corp/swagchat-api/handlers/user.go:70.2,70.56 1 4
github.com/fairway-corp/swagchat-api/handlers/user.go:58.44,61.3 2 3
github.com/fairway-corp/swagchat-api/handlers/user.go:65.15,68.3 2 1
github.com/fairway-corp/swagchat-api/handlers/user.go:73.57,76.15 3 2
github.com/fairway-corp/swagchat-api/handlers/user.go:81.2,81.46 1 1
github.com/fairway-corp/swagchat-api/handlers/user.go:76.15,79.3 2 1
